<?xml version="1.0" encoding="UTF-8"?>
<!-- Generated by org.testng.reporters.JUnitXMLReporter -->
<testsuite hostname="Automata" ignored="2" name="UpsRegressionTest" tests="2" failures="0" timestamp="02 May 2020 22:47:33 GMT" time="21.099" errors="0">
  <testcase name="verifyShippingFromTest" time="3.278" classname="pack.UpsTest.UpsShippingTest"/>
  <testcase name="verifyLoginErrorMsg" time="2.192" classname="pack.UpsTest.UpsLoginTest"/>
  <testcase name="verifyLoginButtonText" time="0.0" classname="pack.UpsTest.UpsLoginTest">
    <ignored/>
  </testcase> <!-- verifyLoginButtonText -->
  <testcase name="verifyUpsLoginPageTitle" time="0.0" classname="pack.UpsTest.UpsLoginTest">
    <ignored/>
  </testcase> <!-- verifyUpsLoginPageTitle -->
</testsuite> <!-- UpsRegressionTest -->
