<?xml version="1.0" encoding="UTF-8"?>
<!-- Generated by org.testng.reporters.JUnitXMLReporter -->
<testsuite hostname="Automata" ignored="0" name="UpsLoginTest" tests="2" failures="0" timestamp="02 May 2020 19:50:59 GMT" time="8.156" errors="0">
  <testcase name="@BeforeMethod beforeMethod" time="0.004" classname="pack.UpsTest.UpsLoginTest">
    <failure type="org.openqa.selenium.NoSuchSessionException" message="Session ID is null. Using WebDriver after calling quit()?
Build info: version: &amp;apos;3.141.59&amp;apos;, revision: &amp;apos;e82be7d358&amp;apos;, time: &amp;apos;2018-11-14T08:17:03&amp;apos;
System info: host: &amp;apos;AUTOMATA&amp;apos;, ip: &amp;apos;192.168.235.1&amp;apos;, os.name: &amp;apos;Windows 10&amp;apos;, os.arch: &amp;apos;amd64&amp;apos;, os.version: &amp;apos;10.0&amp;apos;, java.version: &amp;apos;1.8.0_74&amp;apos;
Driver info: driver.version: RemoteWebDriver">
      <![CDATA[org.openqa.selenium.NoSuchSessionException: Session ID is null. Using WebDriver after calling quit()?
Build info: version: '3.141.59', revision: 'e82be7d358', time: '2018-11-14T08:17:03'
System info: host: 'AUTOMATA', ip: '192.168.235.1', os.name: 'Windows 10', os.arch: 'amd64', os.version: '10.0', java.version: '1.8.0_74'
Driver info: driver.version: RemoteWebDriver
at org.openqa.selenium.remote.HttpCommandExecutor.execute(HttpCommandExecutor.java:125)
at org.openqa.selenium.remote.service.DriverCommandExecutor.execute(DriverCommandExecutor.java:83)
at org.openqa.selenium.remote.RemoteWebDriver.execute(RemoteWebDriver.java:552)
at org.openqa.selenium.remote.RemoteWebDriver.get(RemoteWebDriver.java:277)
at pack.UpsTest.UpsLoginTest.beforeMethod(UpsLoginTest.java:22)
... Removed 28 stack frames]]>
    </failure>
  </testcase> <!-- @BeforeMethod beforeMethod -->
  <testcase name="loginErrorMsg" time="2.109" classname="pack.UpsTest.UpsLoginTest"/>
  <testcase name="loginButtonText" time="0.0" classname="pack.UpsTest.UpsLoginTest">
    <skipped/>
  </testcase> <!-- loginButtonText -->
</testsuite> <!-- UpsLoginTest -->
