<?xml version="1.0" encoding="UTF-8"?>
<testng-results skipped="0" failed="0" ignored="0" total="1" passed="1">
  <reporter-output>
  </reporter-output>
  <suite name="Suite" duration-ms="6362" started-at="2020-04-19T00:45:05Z" finished-at="2020-04-19T00:45:11Z">
    <groups>
    </groups>
    <test name="Test" duration-ms="6362" started-at="2020-04-19T00:45:05Z" finished-at="2020-04-19T00:45:11Z">
      <class name="pack.UpsTest.UpsLoginTest">
        <test-method status="PASS" signature="beforeMethod()[pri:0, instance:pack.UpsTest.UpsLoginTest@48f278eb]" name="beforeMethod" is-config="true" duration-ms="4145" started-at="2020-04-19T00:45:05Z" finished-at="2020-04-19T00:45:09Z">
          <reporter-output>
          </reporter-output>
        </test-method> <!-- beforeMethod -->
        <test-method status="PASS" signature="loginErrorMsg()[pri:0, instance:pack.UpsTest.UpsLoginTest@48f278eb]" name="loginErrorMsg" duration-ms="1659" started-at="2020-04-19T00:45:09Z" finished-at="2020-04-19T00:45:11Z">
          <reporter-output>
          </reporter-output>
        </test-method> <!-- loginErrorMsg -->
        <test-method status="PASS" signature="afterTest()[pri:0, instance:pack.UpsTest.UpsLoginTest@48f278eb]" name="afterTest" is-config="true" duration-ms="541" started-at="2020-04-19T00:45:11Z" finished-at="2020-04-19T00:45:11Z">
          <reporter-output>
          </reporter-output>
        </test-method> <!-- afterTest -->
      </class> <!-- pack.UpsTest.UpsLoginTest -->
    </test> <!-- Test -->
  </suite> <!-- Suite -->
</testng-results>
